<?xml version="1.0" encoding="UTF-8"?>
<!-- Generated by org.testng.reporters.JUnitReportReporter -->
<testsuite hostname="amirs-MacBook-Pro.local" name="SimpleTest.SimpleTest" tests="9" failures="0" timestamp="14 Dec 2017 10:32:31 GMT" time="0.047" errors="0">
  <testcase name="negativSubtratctioTest" time="0.006" classname="SimpleTest.SimpleTest"/>
  <testcase name="positivSubtratctioTest" time="0.006" classname="SimpleTest.SimpleTest"/>
  <testcase name="negativAddtionTest" time="0.007" classname="SimpleTest.SimpleTest"/>
  <testcase name="negativDivTest" time="0.005" classname="SimpleTest.SimpleTest"/>
  <testcase name="positivDivByZero" time="0.000" classname="SimpleTest.SimpleTest"/>
  <testcase name="positivMultTest" time="0.006" classname="SimpleTest.SimpleTest"/>
  <testcase name="positivAddtionTest" time="0.006" classname="SimpleTest.SimpleTest"/>
  <testcase name="positivDivTest" time="0.006" classname="SimpleTest.SimpleTest"/>
  <testcase name="negativMultTest" time="0.005" classname="SimpleTest.SimpleTest"/>
</testsuite> <!-- SimpleTest.SimpleTest -->
