<?xml version="1.0" encoding="UTF-8"?>
<!-- Generated by org.testng.reporters.JUnitReportReporter -->
<testsuite hostname="amirs-MacBook-Pro.local" name="AdvanceTest.AdvanceTest" tests="11" failures="0" timestamp="14 Dec 2017 10:32:31 GMT" time="0.152" errors="0">
  <testcase name="cubAdvance" time="0.007" classname="AdvanceTest.AdvanceTest"/>
  <testcase name="negaticcosAdvance" time="0.011" classname="AdvanceTest.AdvanceTest"/>
  <testcase name="cosAdvance" time="0.023" classname="AdvanceTest.AdvanceTest"/>
  <testcase name="negativSqurtAdvance" time="0.007" classname="AdvanceTest.AdvanceTest"/>
  <testcase name="sinAdvancet" time="0.014" classname="AdvanceTest.AdvanceTest"/>
  <testcase name="squrtAdvance" time="0.008" classname="AdvanceTest.AdvanceTest"/>
  <testcase name="negativSquAdvance" time="0.038" classname="AdvanceTest.AdvanceTest"/>
  <testcase name="eAdvance" time="0.009" classname="AdvanceTest.AdvanceTest"/>
  <testcase name="NegativCubAdvance" time="0.010" classname="AdvanceTest.AdvanceTest"/>
  <testcase name="squAdvance" time="0.016" classname="AdvanceTest.AdvanceTest"/>
  <testcase name="negativSinAdvancet" time="0.009" classname="AdvanceTest.AdvanceTest"/>
</testsuite> <!-- AdvanceTest.AdvanceTest -->
